 
*** VICE Version 3.3 ***
 
Welcome to , the free portable C64 Emulator.
 
Current VICE team members:
Marco van den Heuvel, Fabrizio Gennari, Groepaz, Olaf Seibert, Marcus Sutton, 
Kajtar Zsolt, AreaScout, Bas Wassink, Michael C. Martin.
 
This is free software with ABSOLUTELY NO WARRANTY.
See the "About VICE" command for more info.
 
ui_init_finish
DriveROM: Error - 2000 ROM image not found. Hardware-level 2000 emulation is not available.
DriveROM: Error - 4000 ROM image not found. Hardware-level 4000 emulation is not available.
Drive: Finished loading ROM images.
video_canvas_resize: 384x272 (0)
Sound: Available sound devices: ndsp dummy fs dump wav voc iff aiff soundmovie
SDLJoystick: 1 joysticks found
SDLJoystick: Device 0 "3DS builtin joypad" (2 axes, 8 buttons, 0 hats, 0 balls)
SDLJoystick: Loading joystick map `/3ds/vice3ds/config/sdl-joymap-C64.vjm'.
SDLKeyboard: Loading hotkey map `/3ds/vice3ds/config/C64/sdl_hotkeys.vkm'.
SDLKeyboard: Loading hotkey map `/3ds/vice3ds/config/sdl-hotkey-C64.vkm'.
Keyboard: Loading keymap `/3ds/vice3ds/config/C64/sdl_sym.vkm'.
ui_init_finalize
sdl_canvas_create: 384,272 (0)
first: 384:272

sdl_video_canvas_limit
SDLVideo: VICII (active) 384x272 32bpp 
SDLVideo: Canvas 384x272, real 384x272
video_canvas_set_palette canvas: 0x8678ab8
Main CPU: starting at ($FFFC).
Main CPU: RESET.
Sound: Opened device `ndsp', speed 44100Hz, fragment size 2.9ms, buffer size 101ms
Drive 8: RESET.
video_canvas_set_palette canvas: 0x8678ab8
Stat ok for /16-mono-44100.wav
Stat ok for /3ds
Stat ok for /8-mono-44100..wav
Stat ok for /cia
Stat ok for /d64
Stat ok for /Dragons_Lair_Part_II.sid
Stat ok for /Monty.d64
Stat ok for /Monty_on_the_Run.sid
Stat ok for /music
Stat ok for /Nintendo 3DS
Stat ok for /plugin.o
Stat ok for /plugin.so
Stat ok for /snapshot.vsf
Stat ok for /Starball.sid
Stat ok for /test.txt
Stat ok for /Thing_on_a_Spring.sid
Stat ok for /TOOLS11.D64
Stat ok for /16-mono-44100.wav
Stat ok for /3ds
Stat ok for /8-mono-44100..wav
Stat ok for /cia
Stat ok for /d64
Stat ok for /Dragons_Lair_Part_II.sid
Stat ok for /Monty.d64
Stat ok for /Monty_on_the_Run.sid
Stat ok for /music
Stat ok for /Nintendo 3DS
Stat ok for /plugin.o
Stat ok for /plugin.so
Stat ok for /snapshot.vsf
Stat ok for /Starball.sid
Stat ok for /test.txt
Stat ok for /Thing_on_a_Spring.sid
Stat ok for /TOOLS11.D64
Error - Cannot open file `/TOOLS11.D64'
AUTOSTART: Autodetecting image type of `/TOOLS11.D64'.
AUTOSTART: Attached file `/TOOLS11.D64' as a disk image.
AUTOSTART: Resetting the machine to autostart 'JOY TEST.   /TDU'
AUTOSTART: Turning Warp mode on
AUTOSTART: `/TOOLS11.D64' recognized as disk image.
Main CPU: RESET.
Drive 8: RESET.
AUTOSTART: Loading program 'JOY TEST.   /TDU'
AUTOSTART: Entered ROM at $e5d1
AUTOSTART: Searching for ...
AUTOSTART: Loading
AUTOSTART: Entered ROM at $ee67
AUTOSTART: Ready
AUTOSTART: Turning Warp mode off
AUTOSTART: Starting program.
AUTOSTART: Done.
ui_handle_misc_sdl_event: unhandled
ui_handle_misc_sdl_event: unhandled
